<?xml version="1.0" encoding="UTF-8"?>
<!-- Generated by org.testng.reporters.JUnitReportReporter -->
<testsuite hostname="DESKTOP-87NE48G" failures="0" tests="1" name="form_Submission.validInputs" time="5.594" errors="0" timestamp="2025-02-01T10:14:27 IST" skipped="0">
  <testcase classname="form_Submission.validInputs" name="TC001" time="5.594"/>
  <system-out/>
</testsuite> <!-- form_Submission.validInputs -->
